Run All Tests	Test	ï»¿2026-01-15T03:27:15.1958391Z ##[group]Run dotnet test --no-build --configuration Release --verbosity normal
Run All Tests	Test	2026-01-15T03:27:15.1958904Z [36;1mdotnet test --no-build --configuration Release --verbosity normal[0m
Run All Tests	Test	2026-01-15T03:27:15.1977105Z shell: /usr/bin/bash -e {0}
Run All Tests	Test	2026-01-15T03:27:15.1977338Z env:
Run All Tests	Test	2026-01-15T03:27:15.1977525Z   DOTNET_VERSION: 10.0.x
Run All Tests	Test	2026-01-15T03:27:15.1977747Z   DOTNET_ROOT: /usr/share/dotnet
Run All Tests	Test	2026-01-15T03:27:15.1977958Z ##[endgroup]
Run All Tests	Test	2026-01-15T03:27:15.4210801Z Build started 01/15/2026 03:27:15.
Run All Tests	Test	2026-01-15T03:27:15.5649322Z      1>Project "/home/runner/work/shield-prompt/shield-prompt/ShieldPrompt.slnx" on node 1 (VSTest target(s)).
Run All Tests	Test	2026-01-15T03:27:15.5650891Z      1>ValidateSolutionConfiguration:
Run All Tests	Test	2026-01-15T03:27:15.5671381Z          Building solution configuration "Release|Any CPU".
Run All Tests	Test	2026-01-15T03:27:16.1105720Z Test run for /home/runner/work/shield-prompt/shield-prompt/tests/ShieldPrompt.Tests.Unit/bin/Release/net10.0/ShieldPrompt.Tests.Unit.dll (.NETCoreApp,Version=v10.0)
Run All Tests	Test	2026-01-15T03:27:16.1681450Z VSTest version 18.0.1 (x64)
Run All Tests	Test	2026-01-15T03:27:16.1718047Z 
Run All Tests	Test	2026-01-15T03:27:16.3058252Z Starting test execution, please wait...
Run All Tests	Test	2026-01-15T03:27:16.3420569Z A total of 1 test files matched the specified pattern.
Run All Tests	Test	2026-01-15T03:27:16.6876196Z [xUnit.net 00:00:00.00] xUnit.net VSTest Adapter v3.1.4+50e68bbb8b (64-bit .NET 10.0.2)
Run All Tests	Test	2026-01-15T03:27:16.7542431Z [xUnit.net 00:00:00.07]   Discovering: ShieldPrompt.Tests.Unit
Run All Tests	Test	2026-01-15T03:27:16.8237487Z [xUnit.net 00:00:00.14]   Discovered:  ShieldPrompt.Tests.Unit
Run All Tests	Test	2026-01-15T03:27:16.8793688Z [xUnit.net 00:00:00.20]   Starting:    ShieldPrompt.Tests.Unit
Run All Tests	Test	2026-01-15T03:27:16.9199489Z      Warning:
Run All Tests	Test	2026-01-15T03:27:16.9200947Z      The component "Fluent Assertions" is governed by the rules defined in the Xceed License Agreement and
Run All Tests	Test	2026-01-15T03:27:16.9202933Z      the Xceed Fluent Assertions Community License. You may use Fluent Assertions free of charge for
Run All Tests	Test	2026-01-15T03:27:16.9204066Z      non-commercial use only. An active subscription is required to use Fluent Assertions for commercial use.
Run All Tests	Test	2026-01-15T03:27:16.9205193Z      Please contact Xceed Sales mailto:sales@xceed.com to acquire a subscription at a very low cost.
Run All Tests	Test	2026-01-15T03:27:16.9206234Z      A paid commercial license supports the development and continued increasing support of
Run All Tests	Test	2026-01-15T03:27:16.9207178Z      Fluent Assertions users under both commercial and community licenses. Help us
Run All Tests	Test	2026-01-15T03:27:16.9207921Z      keep Fluent Assertions at the forefront of unit testing.
Run All Tests	Test	2026-01-15T03:27:16.9208698Z      For more information, visit https://xceed.com/products/unit-testing/fluent-assertions/
Run All Tests	Test	2026-01-15T03:27:17.0565064Z   Passed ShieldPrompt.Tests.Unit.Infrastructure.SettingsRepositoryTests.LoadAsync_WithNoFile_ReturnsDefaultSettings [14 ms]
Run All Tests	Test	2026-01-15T03:27:17.0570699Z   Passed ShieldPrompt.Tests.Unit.Sanitization.PatternRegistryTests.RemovePattern_WithExisting_RemovesAndReturnsTrue [1 ms]
Run All Tests	Test	2026-01-15T03:27:17.0572288Z   Passed ShieldPrompt.Tests.Unit.Infrastructure.SettingsRepositoryTests.LoadAsync_WithCorruptFile_ReturnsDefaults [32 ms]
Run All Tests	Test	2026-01-15T03:27:17.0573937Z   Passed ShieldPrompt.Tests.Unit.Application.FileSystemManipulationTests.CreateMultipleFiles_InSameNewDirectory_ShouldCreateOnce [33 ms]
Run All Tests	Test	2026-01-15T03:27:17.0575559Z   Passed ShieldPrompt.Tests.Unit.Sanitization.PatternRegistryTests.GetPatterns_OnlyReturnsEnabledPatterns [7 ms]
Run All Tests	Test	2026-01-15T03:27:17.0576948Z   Passed ShieldPrompt.Tests.Unit.Sanitization.PatternRegistryTests.GetPatterns_WithCategoryFilter_ReturnsOnlyThatCategory [1 ms]
Run All Tests	Test	2026-01-15T03:27:17.0610678Z   Passed ShieldPrompt.Tests.Unit.Sanitization.PatternRegistryTests.GetPattern_WithNonExistent_ReturnsNull [< 1 ms]
Run All Tests	Test	2026-01-15T03:27:17.0623955Z   Passed ShieldPrompt.Tests.Unit.Sanitization.PatternRegistryTests.RemovePattern_WithNonExistent_ReturnsFalse [< 1 ms]
Run All Tests	Test	2026-01-15T03:27:17.0625473Z   Passed ShieldPrompt.Tests.Unit.Infrastructure.SettingsRepositoryTests.SaveAsync_WithSettings_CreatesFile [5 ms]
Run All Tests	Test	2026-01-15T03:27:17.0626836Z   Passed ShieldPrompt.Tests.Unit.Sanitization.PatternRegistryTests.AddPattern_WithDuplicateName_Overwrites [1 ms]
Run All Tests	Test	2026-01-15T03:27:17.0628551Z   Passed ShieldPrompt.Tests.Unit.Sanitization.PatternRegistryTests.AddPattern_WithValidPattern_AddsToRegistry [< 1 ms]
Run All Tests	Test	2026-01-15T03:27:17.0630150Z   Passed ShieldPrompt.Tests.Unit.Sanitization.PatternRegistryTests.GetPatterns_WithNoFilter_ReturnsAll [< 1 ms]
Run All Tests	Test	2026-01-15T03:27:17.0631851Z   Passed ShieldPrompt.Tests.Unit.Integration.CompleteWorkflowIntegrationTests.CompleteWorkflow_MultipleFilesWithBackup_ShouldSupportFullUndo [67 ms]
Run All Tests	Test	2026-01-15T03:27:17.0636150Z   Passed ShieldPrompt.Tests.Unit.Application.FileSystemManipulationTests.MixedOperations_WithBackup_ShouldAllowCompleteUndo [10 ms]
Run All Tests	Test	2026-01-15T03:27:17.0644287Z   Passed ShieldPrompt.Tests.Unit.Infrastructure.SettingsRepositoryTests.SaveAsync_MultipleTimes_OverwritesPrevious [9 ms]
Run All Tests	Test	2026-01-15T03:27:17.0645944Z   Passed ShieldPrompt.Tests.Unit.Application.UndoRedo.FileUpdateActionTests.FileUpdateAction_Undo_ShouldRestoreFromBackup [6 ms]
Run All Tests	Test	2026-01-15T03:27:17.0647594Z   Passed ShieldPrompt.Tests.Unit.Application.FileSystemManipulationTests.RealWorld_AIAddsTestFiles_ShouldCreateInParallel [5 ms]
Run All Tests	Test	2026-01-15T03:27:17.0656157Z   Passed ShieldPrompt.Tests.Unit.Application.UndoRedo.FileUpdateActionTests.FileUpdateAction_CanMergeWith_ShouldReturnFalse [1 ms]
Run All Tests	Test	2026-01-15T03:27:17.0657848Z   Passed ShieldPrompt.Tests.Unit.Application.UndoRedo.FileUpdateActionTests.FileUpdateAction_ConfirmationMessage_ShouldDescribeUndo [< 1 ms]
Run All Tests	Test	2026-01-15T03:27:17.0659845Z   Passed ShieldPrompt.Tests.Unit.Application.UndoRedo.FileUpdateActionTests.FileUpdateAction_Description_ShouldSummarizeChanges [1 ms]
Run All Tests	Test	2026-01-15T03:27:17.0661863Z   Passed ShieldPrompt.Tests.Unit.Application.FileSystemManipulationTests.Backup_MultipleFiles_ShouldPreserveAll [6 ms]
Run All Tests	Test	2026-01-15T03:27:17.0663199Z   Passed ShieldPrompt.Tests.Unit.Application.UndoRedo.FileUpdateActionTests.FileUpdateAction_CompleteWorkflow_WithUndo [7 ms]
Run All Tests	Test	2026-01-15T03:27:17.0664576Z   Passed ShieldPrompt.Tests.Unit.Application.UndoRedo.FileUpdateActionTests.FileUpdateAction_ShouldRequireConfirmation [< 1 ms]
Run All Tests	Test	2026-01-15T03:27:17.0665969Z   Passed ShieldPrompt.Tests.Unit.Application.FileSystemManipulationTests.DeleteMultipleFiles_ShouldRemoveAll [6 ms]
Run All Tests	Test	2026-01-15T03:27:17.0667365Z   Passed ShieldPrompt.Tests.Unit.Application.FileSystemManipulationTests.MixedOperations_CreateUpdateDelete_ShouldHandleAll [6 ms]
Run All Tests	Test	2026-01-15T03:27:17.0668823Z   Passed ShieldPrompt.Tests.Unit.Application.FileSystemManipulationTests.CreateMultipleEmptyFiles_ShouldSucceed [1 ms]
Run All Tests	Test	2026-01-15T03:27:17.0670470Z   Passed ShieldPrompt.Tests.Unit.Application.FileSystemManipulationTests.CreateFile_InRootDirectory_ShouldSucceed [1 ms]
Run All Tests	Test	2026-01-15T03:27:17.0671949Z   Passed ShieldPrompt.Tests.Unit.Application.FileSystemManipulationTests.UpdateExistingFile_ShouldModifyContent [3 ms]
Run All Tests	Test	2026-01-15T03:27:17.0713729Z   Passed ShieldPrompt.Tests.Unit.Application.FileSystemManipulationTests.InvalidPath_WithDirectoryTraversal_ShouldFail [< 1 ms]
Run All Tests	Test	2026-01-15T03:27:17.0715393Z   Passed ShieldPrompt.Tests.Unit.Application.FileSystemManipulationTests.UpdateFileToEmpty_ShouldClearContent [6 ms]
Run All Tests	Test	2026-01-15T03:27:17.0717110Z   Passed ShieldPrompt.Tests.Unit.Application.FileSystemManipulationTests.CreateMultipleFiles_InDifferentDirectories_ShouldSucceed [6 ms]
Run All Tests	Test	2026-01-15T03:27:17.0718829Z   Passed ShieldPrompt.Tests.Unit.Application.FileSystemManipulationTests.DeleteFile_WhenNotAllowed_ShouldFail [14 ms]
Run All Tests	Test	2026-01-15T03:27:17.0720531Z   Passed ShieldPrompt.Tests.Unit.Application.FileSystemManipulationTests.DeleteFile_WhenAllowed_ShouldRemoveFile [6 ms]
Run All Tests	Test	2026-01-15T03:27:17.0722390Z   Passed ShieldPrompt.Tests.Unit.Application.FileSystemManipulationTests.PartialFailure_ShouldContinueWithOthers [3 ms]
Run All Tests	Test	2026-01-15T03:27:17.0724217Z   Passed ShieldPrompt.Tests.Unit.Infrastructure.SettingsRepositoryTests.SaveAndLoad_RoundTrip_PreservesData [81 ms]
Run All Tests	Test	2026-01-15T03:27:17.0725819Z   Passed ShieldPrompt.Tests.Unit.Application.UndoRedo.UndoRedoManagerTests.UndoAsync_Multiple_UndoesInReverseOrder [3 ms]
Run All Tests	Test	2026-01-15T03:27:17.0841224Z   Passed ShieldPrompt.Tests.Unit.Application.UndoRedo.UndoRedoManagerTests.ExecuteAsync_AfterUndo_ClearsRedoHistory [< 1 ms]
Run All Tests	Test	2026-01-15T03:27:17.0856080Z   Passed ShieldPrompt.Tests.Unit.Application.UndoRedo.UndoRedoManagerTests.ExecuteAsync_WithAction_AddsToHistory [1 ms]
Run All Tests	Test	2026-01-15T03:27:17.0857868Z   Passed ShieldPrompt.Tests.Unit.Application.UndoRedo.UndoRedoManagerTests.StateChanged_WhenHistoryChanges_RaisesEvent [< 1 ms]
Run All Tests	Test	2026-01-15T03:27:17.0859411Z   Passed ShieldPrompt.Tests.Unit.Application.UndoRedo.UndoRedoManagerTests.CanUndo_WhenEmpty_ReturnsFalse [< 1 ms]
Run All Tests	Test	2026-01-15T03:27:17.0860926Z   Passed ShieldPrompt.Tests.Unit.Application.UndoRedo.UndoRedoManagerTests.UndoAsync_AfterExecute_CallsUndo [1 ms]
Run All Tests	Test	2026-01-15T03:27:17.0862554Z   Passed ShieldPrompt.Tests.Unit.Application.UndoRedo.UndoRedoManagerTests.ExecuteAsync_WithMergeableActions_MergesThem [< 1 ms]
Run All Tests	Test	2026-01-15T03:27:17.0864135Z   Passed ShieldPrompt.Tests.Unit.Application.UndoRedo.UndoRedoManagerTests.CanRedo_WhenEmpty_ReturnsFalse [< 1 ms]
Run All Tests	Test	2026-01-15T03:27:17.0865766Z   Passed ShieldPrompt.Tests.Unit.Application.FileSystemManipulationTests.RealWorld_AIRefactorsToCleanArchitecture_ShouldSucceed [15 ms]
Run All Tests	Test	2026-01-15T03:27:17.0867367Z   Passed ShieldPrompt.Tests.Unit.Application.UndoRedo.UndoRedoManagerTests.RedoAsync_AfterUndo_CallsExecute [1 ms]
Run All Tests	Test	2026-01-15T03:27:17.0868817Z   Passed ShieldPrompt.Tests.Unit.Application.UndoRedo.UndoRedoManagerTests.Clear_RemovesAllHistory [< 1 ms]
Run All Tests	Test	2026-01-15T03:27:17.0870785Z   Passed ShieldPrompt.Tests.Unit.Sanitization.AliasGeneratorTests.Generate_ForCategory_ReturnsCorrectPrefix(category: Hostname, expected: "HOSTNAME_0") [< 1 ms]
Run All Tests	Test	2026-01-15T03:27:17.0872855Z   Passed ShieldPrompt.Tests.Unit.Sanitization.AliasGeneratorTests.Generate_ForCategory_ReturnsCorrectPrefix(category: GitHubToken, expected: "GITHUB_TOKEN_0") [< 1 ms]
Run All Tests	Test	2026-01-15T03:27:17.0874889Z   Passed ShieldPrompt.Tests.Unit.Sanitization.AliasGeneratorTests.Generate_ForCategory_ReturnsCorrectPrefix(category: OpenAIKey, expected: "OPENAI_KEY_0") [< 1 ms]
Run All Tests	Test	2026-01-15T03:27:17.0876731Z   Passed ShieldPrompt.Tests.Unit.Sanitization.AliasGeneratorTests.Generate_ForCategory_ReturnsCorrectPrefix(category: Phone, expected: "PHONE_0") [< 1 ms]
Run All Tests	Test	2026-01-15T03:27:17.0878643Z   Passed ShieldPrompt.Tests.Unit.Sanitization.AliasGeneratorTests.Generate_ForCategory_ReturnsCorrectPrefix(category: CreditCard, expected: "CREDIT_CARD_0") [< 1 ms]
Run All Tests	Test	2026-01-15T03:27:17.0899591Z   Passed ShieldPrompt.Tests.Unit.Sanitization.AliasGeneratorTests.Generate_ForCategory_ReturnsCorrectPrefix(category: Password, expected: "PASSWORD_0") [< 1 ms]
Run All Tests	Test	2026-01-15T03:27:17.0901711Z   Passed ShieldPrompt.Tests.Unit.Sanitization.AliasGeneratorTests.Generate_ForCategory_ReturnsCorrectPrefix(category: Email, expected: "EMAIL_0") [< 1 ms]
Run All Tests	Test	2026-01-15T03:27:17.0944443Z   Passed ShieldPrompt.Tests.Unit.Sanitization.AliasGeneratorTests.Generate_ForCategory_ReturnsCorrectPrefix(category: IPAddress, expected: "IP_ADDRESS_0") [< 1 ms]
Run All Tests	Test	2026-01-15T03:27:17.0951587Z   Passed ShieldPrompt.Tests.Unit.Sanitization.AliasGeneratorTests.Generate_ForCategory_ReturnsCorrectPrefix(category: BearerToken, expected: "BEARER_TOKEN_0") [< 1 ms]
Run All Tests	Test	2026-01-15T03:27:17.0952714Z   Passed ShieldPrompt.Tests.Unit.Sanitization.AliasGeneratorTests.Generate_ForCategory_ReturnsCorrectPrefix(category: SSN, expected: "SSN_0") [< 1 ms]
Run All Tests	Test	2026-01-15T03:27:17.0953752Z   Passed ShieldPrompt.Tests.Unit.Sanitization.AliasGeneratorTests.Generate_ForCategory_ReturnsCorrectPrefix(category: Server, expected: "SERVER_0") [< 1 ms]
Run All Tests	Test	2026-01-15T03:27:17.0954798Z   Passed ShieldPrompt.Tests.Unit.Sanitization.AliasGeneratorTests.Generate_ForCategory_ReturnsCorrectPrefix(category: AWSKey, expected: "AWS_KEY_0") [< 1 ms]
Run All Tests	Test	2026-01-15T03:27:17.0956069Z   Passed ShieldPrompt.Tests.Unit.Sanitization.AliasGeneratorTests.Generate_ForCategory_ReturnsCorrectPrefix(category: PrivateKey, expected: "PRIVATE_KEY_0") [< 1 ms]
Run All Tests	Test	2026-01-15T03:27:17.0957049Z   Passed ShieldPrompt.Tests.Unit.Sanitization.AliasGeneratorTests.Generate_DifferentCategories_UseDifferentCounters [< 1 ms]
Run All Tests	Test	2026-01-15T03:27:17.0957944Z   Passed ShieldPrompt.Tests.Unit.Sanitization.AliasGeneratorTests.Reset_AfterGenerating_ResetsCounters [< 1 ms]
Run All Tests	Test	2026-01-15T03:27:17.0958703Z   Passed ShieldPrompt.Tests.Unit.Sanitization.AliasGeneratorTests.Generate_CalledTwice_IncrementsCounter [< 1 ms]
Run All Tests	Test	2026-01-15T03:27:17.1293126Z   Passed ShieldPrompt.Tests.Unit.Sanitization.AliasGeneratorTests.Generate_ForDatabase_ReturnsDATABASE_0 [< 1 ms]
Run All Tests	Test	2026-01-15T03:27:17.1294893Z   Passed ShieldPrompt.Tests.Unit.Application.FileSystemManipulationTests.InvalidPathInBatch_ShouldFailEarlyWithoutModifying [6 ms]
Run All Tests	Test	2026-01-15T03:27:17.1296378Z   Passed ShieldPrompt.Tests.Unit.Application.FileSystemManipulationTests.CreateDirectory_ViaFileCreation_ShouldCreateParentDirs [7 ms]
Run All Tests	Test	2026-01-15T03:27:17.1297428Z   Passed ShieldPrompt.Tests.Unit.Application.FileSystemManipulationTests.InvalidPath_Absolute_ShouldFail [1 ms]
Run All Tests	Test	2026-01-15T03:27:17.1298340Z   Passed ShieldPrompt.Tests.Unit.ViewModels.PasteRestoreWorkflowTests.PasteRestore_MultipleOccurrences_ShouldCountCorrectly [103 ms]
Run All Tests	Test	2026-01-15T03:27:17.1299206Z   Passed ShieldPrompt.Tests.Unit.Sanitization.SanitizationEngineTests.Sanitize_WithSSN_ReplacesWithAlias [28 ms]
Run All Tests	Test	2026-01-15T03:27:17.1300198Z   Passed ShieldPrompt.Tests.Unit.Sanitization.SanitizationEngineTests.Sanitize_WithNoSensitiveData_ReturnsUnchanged [20 ms]
Run All Tests	Test	2026-01-15T03:27:17.2243026Z   Passed ShieldPrompt.Tests.Unit.Sanitization.SanitizationEngineTests.Sanitize_WithEmptyString_ReturnsEmpty [< 1 ms]
Run All Tests	Test	2026-01-15T03:27:17.2245192Z   Passed ShieldPrompt.Tests.Unit.Sanitization.SanitizationEngineTests.Sanitize_WithPIIDisabled_DoesNotSanitizePII [18 ms]
Run All Tests	Test	2026-01-15T03:27:17.2248331Z   Passed ShieldPrompt.Tests.Unit.ViewModels.PasteRestoreWorkflowTests.PasteRestore_MixedAliases_ShouldDetectAll [53 ms]
Run All Tests	Test	2026-01-15T03:27:17.2250616Z   Passed ShieldPrompt.Tests.Unit.ViewModels.PasteRestoreWorkflowTests.PasteRestore_WithUnknownAliases_ShouldLeaveUnchanged [< 1 ms]
Run All Tests	Test	2026-01-15T03:27:17.2252300Z   Passed ShieldPrompt.Tests.Unit.Sanitization.SanitizationEngineTests.Sanitize_StoresMappingInSession [27 ms]
Run All Tests	Test	2026-01-15T03:27:17.2253983Z   Passed ShieldPrompt.Tests.Unit.ViewModels.PasteRestoreWorkflowTests.PasteRestore_RoundTrip_ShouldRestoreOriginalValues [26 ms]
Run All Tests	Test	2026-01-15T03:27:17.2255627Z   Passed ShieldPrompt.Tests.Unit.Sanitization.SanitizationEngineTests.Sanitize_WithPrivateIP_ReplacesWithAlias [21 ms]
Run All Tests	Test	2026-01-15T03:27:17.2257147Z   Passed ShieldPrompt.Tests.Unit.Sanitization.SanitizationEngineTests.Sanitize_WithMultipleMatches_ReplacesAll [26 ms]
Run All Tests	Test	2026-01-15T03:27:17.2481990Z [xUnit.net 00:00:00.57]     ShieldPrompt.Tests.Unit.Integration.CompleteWorkflowIntegrationTests.CompleteWorkflow_CopyPasteApply_ShouldUpdateFilesWithRestoredValues [FAIL]
Run All Tests	Test	2026-01-15T03:27:17.2491691Z [xUnit.net 00:00:00.57]       Expected restoredProgramContent "" to contain "private string _db = "ProductionDB"".
Run All Tests	Test	2026-01-15T03:27:17.2503329Z [xUnit.net 00:00:00.57]       Stack Trace:
Run All Tests	Test	2026-01-15T03:27:17.2516924Z [xUnit.net 00:00:00.57]            at FluentAssertions.Execution.LateBoundTestFramework.Throw(String message)
Run All Tests	Test	2026-01-15T03:27:17.2522603Z [xUnit.net 00:00:00.57]            at FluentAssertions.Execution.DefaultAssertionStrategy.HandleFailure(String message)
Run All Tests	Test	2026-01-15T03:27:17.2525630Z [xUnit.net 00:00:00.57]            at FluentAssertions.Execution.AssertionScope.AddPreFormattedFailure(String formattedFailureMessage)
Run All Tests	Test	2026-01-15T03:27:17.2527564Z [xUnit.net 00:00:00.57]            at FluentAssertions.Execution.AssertionChain.FailWith(Func`1 getFailureReason)
Run All Tests	Test	2026-01-15T03:27:17.2529466Z [xUnit.net 00:00:00.57]            at FluentAssertions.Execution.AssertionChain.FailWith(Func`1 getFailureReason)
Run All Tests	Test	2026-01-15T03:27:17.2531939Z [xUnit.net 00:00:00.57]            at FluentAssertions.Execution.AssertionChain.FailWith(String message, Object[] args)
Run All Tests	Test	2026-01-15T03:27:17.2534605Z [xUnit.net 00:00:00.57]            at FluentAssertions.Primitives.StringAssertions`1.Contain(String expected, String because, Object[] becauseArgs)
Run All Tests	Test	2026-01-15T03:27:17.2576371Z [xUnit.net 00:00:00.57]         /home/runner/work/shield-prompt/shield-prompt/tests/ShieldPrompt.Tests.Unit/Integration/CompleteWorkflowIntegrationTests.cs(285,0): at ShieldPrompt.Tests.Unit.Integration.CompleteWorkflowIntegrationTests.CompleteWorkflow_CopyPasteApply_ShouldUpdateFilesWithRestoredValues()
Run All Tests	Test	2026-01-15T03:27:17.2579500Z [xUnit.net 00:00:00.57]         --- End of stack trace from previous location ---
Run All Tests	Test	2026-01-15T03:27:17.2581286Z [xUnit.net 00:00:00.57]       Output:
Run All Tests	Test	2026-01-15T03:27:17.2582437Z [xUnit.net 00:00:00.57]         â•â•â•â•â•â•â•â•â•â•â•â•â•â•â•â•â•â•â•â•â•â•â•â•â•â•â•â•â•â•â•â•â•â•â•â•â•â•â•â•â•â•â•
Run All Tests	Test	2026-01-15T03:27:17.2583387Z [xUnit.net 00:00:00.57]         COMPLETE WORKFLOW - END-TO-END TEST
Run All Tests	Test	2026-01-15T03:27:17.2584554Z [xUnit.net 00:00:00.57]         â•â•â•â•â•â•â•â•â•â•â•â•â•â•â•â•â•â•â•â•â•â•â•â•â•â•â•â•â•â•â•â•â•â•â•â•â•â•â•â•â•â•â•
Run All Tests	Test	2026-01-15T03:27:17.2585273Z [xUnit.net 00:00:00.57]         
Run All Tests	Test	2026-01-15T03:27:17.2586191Z [xUnit.net 00:00:00.57]         ðŸ“ STEP 1: Creating source files with secrets...
Run All Tests	Test	2026-01-15T03:27:17.2587258Z [xUnit.net 00:00:00.57]           âœ… Created Program.cs with secrets
Run All Tests	Test	2026-01-15T03:27:17.2588365Z [xUnit.net 00:00:00.57]           âœ… Created Database.cs with connection string
Run All Tests	Test	2026-01-15T03:27:17.2589585Z [xUnit.net 00:00:00.57]         
Run All Tests	Test	2026-01-15T03:27:17.2590434Z [xUnit.net 00:00:00.57]         ðŸ“‚ STEP 2: Loading files...
Run All Tests	Test	2026-01-15T03:27:17.2591110Z [xUnit.net 00:00:00.57]           âœ… Loaded 2 files
Run All Tests	Test	2026-01-15T03:27:17.2595405Z [xUnit.net 00:00:00.57]         
Run All Tests	Test	2026-01-15T03:27:17.2596161Z [xUnit.net 00:00:00.57]         ðŸ“‹ STEP 3: Copy with sanitization...
Run All Tests	Test	2026-01-15T03:27:17.2612972Z [xUnit.net 00:00:00.57]           âœ… Aggregated content: 490 chars
Run All Tests	Test	2026-01-15T03:27:17.2614008Z [xUnit.net 00:00:00.57]           âœ… Formatted (Markdown): 915 chars
Run All Tests	Test	2026-01-15T03:27:17.2614865Z [xUnit.net 00:00:00.57]           âœ… Sanitized: 10 secrets masked
Run All Tests	Test	2026-01-15T03:27:17.2615684Z [xUnit.net 00:00:00.57]           âœ… ProductionDB â†’ DATABASE_0
Run All Tests	Test	2026-01-15T03:27:17.2616478Z [xUnit.net 00:00:00.57]           âœ… 192.168.1.50 â†’ IP_ADDRESS_0
Run All Tests	Test	2026-01-15T03:27:17.2617047Z [xUnit.net 00:00:00.57]         
Run All Tests	Test	2026-01-15T03:27:17.2617808Z [xUnit.net 00:00:00.57]         ðŸ¤– STEP 4: Simulating ChatGPT response...
Run All Tests	Test	2026-01-15T03:27:17.2618891Z [xUnit.net 00:00:00.57]           âœ… AI returned improved code with DATABASE_0, IP_ADDRESS_0 aliases
Run All Tests	Test	2026-01-15T03:27:17.2625841Z [xUnit.net 00:00:00.57]         
Run All Tests	Test	2026-01-15T03:27:17.2626526Z [xUnit.net 00:00:00.57]         ðŸ”“ STEP 5: Desanitizing AI response...
Run All Tests	Test	2026-01-15T03:27:17.2627247Z [xUnit.net 00:00:00.57]           âœ… Desanitized content
Run All Tests	Test	2026-01-15T03:27:17.2627998Z [xUnit.net 00:00:00.57]           âœ… DATABASE_0 â†’ ProductionDB
Run All Tests	Test	2026-01-15T03:27:17.2628724Z [xUnit.net 00:00:00.57]           âœ… IP_ADDRESS_0 â†’ 192.168.1.50
Run All Tests	Test	2026-01-15T03:27:17.2629276Z [xUnit.net 00:00:00.57]         
Run All Tests	Test	2026-01-15T03:27:17.2630056Z [xUnit.net 00:00:00.57]         ðŸ“„ STEP 6: Parsing AI response for files...
Run All Tests	Test	2026-01-15T03:27:17.2630850Z [xUnit.net 00:00:00.57]           âœ… Detected 2 file operations
Run All Tests	Test	2026-01-15T03:27:17.2631547Z [xUnit.net 00:00:00.57]             - Update: Program.cs (16 lines)
Run All Tests	Test	2026-01-15T03:27:17.2632246Z [xUnit.net 00:00:00.57]             - Update: Database.cs (9 lines)
Run All Tests	Test	2026-01-15T03:27:17.2632767Z [xUnit.net 00:00:00.57]         
Run All Tests	Test	2026-01-15T03:27:17.2633438Z [xUnit.net 00:00:00.57]         ðŸ’¾ STEP 7: Applying AI changes to files...
Run All Tests	Test	2026-01-15T03:27:17.2634120Z [xUnit.net 00:00:00.57]           âœ… Files updated: 2
Run All Tests	Test	2026-01-15T03:27:17.2634640Z [xUnit.net 00:00:00.57]           âœ… Files created: 0
Run All Tests	Test	2026-01-15T03:27:17.2635475Z [xUnit.net 00:00:00.57]           âœ… Backup ID: 20260115-032717-8f960cfc57aa45e7bb84b5996ae44430
Run All Tests	Test	2026-01-15T03:27:17.2636188Z [xUnit.net 00:00:00.57]           âœ… Errors: 0
Run All Tests	Test	2026-01-15T03:27:17.2636877Z [xUnit.net 00:00:00.57]         
Run All Tests	Test	2026-01-15T03:27:17.2637490Z [xUnit.net 00:00:00.57]         âœ… STEP 8: Verifying updated files...
Run All Tests	Test	2026-01-15T03:27:17.2638013Z [xUnit.net 00:00:00.57]         
Run All Tests	Test	2026-01-15T03:27:17.2638494Z [xUnit.net 00:00:00.57]           Program.cs now contains:
Run All Tests	Test	2026-01-15T03:27:17.2639040Z [xUnit.net 00:00:00.57]           public class Program
Run All Tests	Test	2026-01-15T03:27:17.2670738Z [xUnit.net 00:00:00.57]           {
Run All Tests	Test	2026-01-15T03:27:17.2671336Z [xUnit.net 00:00:00.57]               private readonly IConfiguration _config;
Run All Tests	Test	2026-01-15T03:27:17.2671981Z [xUnit.net 00:00:00.57]               
Run All Tests	Test	2026-01-15T03:27:17.2672627Z [xUnit.net 00:00:00.57]               public Program(IConfiguration config)
Run All Tests	Test	2026-01-15T03:27:17.2673264Z [xUnit.net 00:00:00.57]               {
Run All Tests	Test	2026-01-15T03:27:17.2673799Z [xUnit.net 00:00:00.57]                   _config = config;
Run All Tests	Test	2026-01-15T03:27:17.2674296Z [xUnit.net 00:00:00.57]               }
Run All Tests	Test	2026-01-15T03:27:17.2674720Z [xUnit.net 00:00:00.57]               
Run All Tests	Test	2026-01-15T03:27:17.2675316Z [xUnit.net 00:00:00.57]               public void Connect()
Run All Tests	Test	2026-01-15T03:27:17.2675878Z [xUnit.net 00:00:00.57]         
Run All Tests	Test	2026-01-15T03:27:17.2676580Z [xUnit.net 00:00:00.57]           âœ… AI improvements applied
Run All Tests	Test	2026-01-15T03:27:17.2677365Z [xUnit.net 00:00:00.57]           âœ… Real values restored
Run All Tests	Test	2026-01-15T03:27:17.2678075Z [xUnit.net 00:00:00.57]           âœ… Aliases removed
Run All Tests	Test	2026-01-15T03:27:17.2678596Z [xUnit.net 00:00:00.57]         
Run All Tests	Test	2026-01-15T03:27:17.2679327Z [xUnit.net 00:00:00.57]         â†¶ STEP 9: Testing undo (restore from backup)...
Run All Tests	Test	2026-01-15T03:27:17.2721372Z [xUnit.net 00:00:00.58]     ShieldPrompt.Tests.Unit.ViewModels.PasteRestoreWorkflowTests.PasteRestore_CopyRestored_ShouldCopyToClipboard [FAIL]
Run All Tests	Test	2026-01-15T03:27:17.2723275Z [xUnit.net 00:00:00.58]       System.Exception : Could not execute process. Command line: bash -c "cat /tmp/tmpazvgiE.tmp | xsel -i --clipboard ".
Run All Tests	Test	2026-01-15T03:27:17.2724619Z [xUnit.net 00:00:00.58]       Output: 
Run All Tests	Test	2026-01-15T03:27:17.2725171Z [xUnit.net 00:00:00.58]       
Run All Tests	Test	2026-01-15T03:27:17.2725861Z [xUnit.net 00:00:00.58]       Error: bash: line 1: xsel: command not found
Run All Tests	Test	2026-01-15T03:27:17.2726674Z [xUnit.net 00:00:00.58]       cat: write error: Broken pipe
Run All Tests	Test	2026-01-15T03:27:17.2727274Z [xUnit.net 00:00:00.58]       
Run All Tests	Test	2026-01-15T03:27:17.2727749Z [xUnit.net 00:00:00.58]       
Run All Tests	Test	2026-01-15T03:27:17.2728243Z [xUnit.net 00:00:00.58]       Stack Trace:
Run All Tests	Test	2026-01-15T03:27:17.2729347Z [xUnit.net 00:00:00.58]         /_/src/TextCopy/BashRunner.cs(42,0): at BashRunner.Run(String commandLine)
Run All Tests	Test	2026-01-15T03:27:17.2731134Z [xUnit.net 00:00:00.58]         /_/src/TextCopy/LinuxClipboard_2.1.cs(42,0): at LinuxClipboard.InnerSetText(String tempFileName)
Run All Tests	Test	2026-01-15T03:27:17.2732962Z [xUnit.net 00:00:00.58]         /_/src/TextCopy/LinuxClipboard_2.1.cs(22,0): at LinuxClipboard.SetTextAsync(String text, CancellationToken cancellation)
Run All Tests	Test	2026-01-15T03:27:17.2735447Z [xUnit.net 00:00:00.58]         /home/runner/work/shield-prompt/shield-prompt/src/ShieldPrompt.App/ViewModels/PasteRestoreViewModel.cs(128,0): at ShieldPrompt.App.ViewModels.PasteRestoreViewModel.CopyRestoredAsync()
Run All Tests	Test	2026-01-15T03:27:17.2738983Z [xUnit.net 00:00:00.58]         /home/runner/work/shield-prompt/shield-prompt/tests/ShieldPrompt.Tests.Unit/ViewModels/PasteRestoreWorkflowTests.cs(260,0): at ShieldPrompt.Tests.Unit.ViewModels.PasteRestoreWorkflowTests.PasteRestore_CopyRestored_ShouldCopyToClipboard()
Run All Tests	Test	2026-01-15T03:27:17.2741597Z [xUnit.net 00:00:00.58]         --- End of stack trace from previous location ---
Run All Tests	Test	2026-01-15T03:27:17.2743138Z   Passed ShieldPrompt.Tests.Unit.Sanitization.SanitizationEngineTests.Sanitize_WithInfrastructureDisabled_DoesNotSanitizeInfrastructure [10 ms]
Run All Tests	Test	2026-01-15T03:27:17.2745239Z   Passed ShieldPrompt.Tests.Unit.Application.FileSystemManipulationTests.CompleteWorkflow_RefactorExistingStructure_ShouldSucceed [150 ms]
Run All Tests	Test	2026-01-15T03:27:17.2747450Z   Failed ShieldPrompt.Tests.Unit.Integration.CompleteWorkflowIntegrationTests.CompleteWorkflow_CopyPasteApply_ShouldUpdateFilesWithRestoredValues [262 ms]
Run All Tests	Test	2026-01-15T03:27:17.2749466Z   Error Message:
Run All Tests	Test	2026-01-15T03:27:17.2750580Z    Expected restoredProgramContent "" to contain "private string _db = "ProductionDB"".
Run All Tests	Test	2026-01-15T03:27:17.2751606Z   Stack Trace:
Run All Tests	Test	2026-01-15T03:27:17.2752249Z      at FluentAssertions.Execution.LateBoundTestFramework.Throw(String message)
Run All Tests	Test	2026-01-15T03:27:17.2753323Z    at FluentAssertions.Execution.DefaultAssertionStrategy.HandleFailure(String message)
Run All Tests	Test	2026-01-15T03:27:17.2754872Z    at FluentAssertions.Execution.AssertionScope.AddPreFormattedFailure(String formattedFailureMessage)
Run All Tests	Test	2026-01-15T03:27:17.2756110Z    at FluentAssertions.Execution.AssertionChain.FailWith(Func`1 getFailureReason)
Run All Tests	Test	2026-01-15T03:27:17.2757080Z    at FluentAssertions.Execution.AssertionChain.FailWith(Func`1 getFailureReason)
Run All Tests	Test	2026-01-15T03:27:17.2758110Z    at FluentAssertions.Execution.AssertionChain.FailWith(String message, Object[] args)
Run All Tests	Test	2026-01-15T03:27:17.2759329Z    at FluentAssertions.Primitives.StringAssertions`1.Contain(String expected, String because, Object[] becauseArgs)
Run All Tests	Test	2026-01-15T03:27:17.2762225Z    at ShieldPrompt.Tests.Unit.Integration.CompleteWorkflowIntegrationTests.CompleteWorkflow_CopyPasteApply_ShouldUpdateFilesWithRestoredValues() in /home/runner/work/shield-prompt/shield-prompt/tests/ShieldPrompt.Tests.Unit/Integration/CompleteWorkflowIntegrationTests.cs:line 285
Run All Tests	Test	2026-01-15T03:27:17.2764642Z --- End of stack trace from previous location ---
Run All Tests	Test	2026-01-15T03:27:17.2765173Z   Standard Output Messages:
Run All Tests	Test	2026-01-15T03:27:17.2765765Z  â•â•â•â•â•â•â•â•â•â•â•â•â•â•â•â•â•â•â•â•â•â•â•â•â•â•â•â•â•â•â•â•â•â•â•â•â•â•â•â•â•â•â•
Run All Tests	Test	2026-01-15T03:27:17.2766217Z  COMPLETE WORKFLOW - END-TO-END TEST
Run All Tests	Test	2026-01-15T03:27:17.2766786Z  â•â•â•â•â•â•â•â•â•â•â•â•â•â•â•â•â•â•â•â•â•â•â•â•â•â•â•â•â•â•â•â•â•â•â•â•â•â•â•â•â•â•â•
Run All Tests	Test	2026-01-15T03:27:17.2767189Z  
Run All Tests	Test	2026-01-15T03:27:17.2767623Z  ðŸ“ STEP 1: Creating source files with secrets...
Run All Tests	Test	2026-01-15T03:27:17.2768185Z    âœ… Created Program.cs with secrets
Run All Tests	Test	2026-01-15T03:27:17.2768711Z    âœ… Created Database.cs with connection string
Run All Tests	Test	2026-01-15T03:27:17.2769155Z  
Run All Tests	Test	2026-01-15T03:27:17.2769510Z  ðŸ“‚ STEP 2: Loading files...
Run All Tests	Test	2026-01-15T03:27:17.2770088Z    âœ… Loaded 2 files
Run All Tests	Test	2026-01-15T03:27:17.2770395Z  
Run All Tests	Test	2026-01-15T03:27:17.2770780Z  ðŸ“‹ STEP 3: Copy with sanitization...
Run All Tests	Test	2026-01-15T03:27:17.2771265Z    âœ… Aggregated content: 490 chars
Run All Tests	Test	2026-01-15T03:27:17.2771758Z    âœ… Formatted (Markdown): 915 chars
Run All Tests	Test	2026-01-15T03:27:17.2772236Z    âœ… Sanitized: 10 secrets masked
Run All Tests	Test	2026-01-15T03:27:17.2772663Z    âœ… ProductionDB â†’ DATABASE_0
Run All Tests	Test	2026-01-15T03:27:17.2773146Z    âœ… 192.168.1.50 â†’ IP_ADDRESS_0
Run All Tests	Test	2026-01-15T03:27:17.2773501Z  
Run All Tests	Test	2026-01-15T03:27:17.2773902Z  ðŸ¤– STEP 4: Simulating ChatGPT response...
Run All Tests	Test	2026-01-15T03:27:17.2774595Z    âœ… AI returned improved code with DATABASE_0, IP_ADDRESS_0 aliases
Run All Tests	Test	2026-01-15T03:27:17.2775152Z  
Run All Tests	Test	2026-01-15T03:27:17.2775489Z  ðŸ”“ STEP 5: Desanitizing AI response...
Run All Tests	Test	2026-01-15T03:27:17.2775883Z    âœ… Desanitized content
Run All Tests	Test	2026-01-15T03:27:17.2776260Z    âœ… DATABASE_0 â†’ ProductionDB
Run All Tests	Test	2026-01-15T03:27:17.2776646Z    âœ… IP_ADDRESS_0 â†’ 192.168.1.50
Run All Tests	Test	2026-01-15T03:27:17.2776950Z  
Run All Tests	Test	2026-01-15T03:27:17.2777291Z  ðŸ“„ STEP 6: Parsing AI response for files...
Run All Tests	Test	2026-01-15T03:27:17.2777832Z    âœ… Detected 2 file operations
Run All Tests	Test	2026-01-15T03:27:17.2778177Z      - Update: Program.cs (16 lines)
Run All Tests	Test	2026-01-15T03:27:17.2778616Z      - Update: Database.cs (9 lines)
Run All Tests	Test	2026-01-15T03:27:17.2778968Z  
Run All Tests	Test	2026-01-15T03:27:17.2779325Z  ðŸ’¾ STEP 7: Applying AI changes to files...
Run All Tests	Test	2026-01-15T03:27:17.2830621Z    âœ… Files updated: 2
Run All Tests	Test	2026-01-15T03:27:17.2831125Z    âœ… Files created: 0
Run All Tests	Test	2026-01-15T03:27:17.2831722Z    âœ… Backup ID: 20260115-032717-8f960cfc57aa45e7bb84b5996ae44430
Run All Tests	Test	2026-01-15T03:27:17.2832303Z    âœ… Errors: 0
Run All Tests	Test	2026-01-15T03:27:17.2832585Z  
Run All Tests	Test	2026-01-15T03:27:17.2832929Z  âœ… STEP 8: Verifying updated files...
Run All Tests	Test	2026-01-15T03:27:17.2833238Z  
Run All Tests	Test	2026-01-15T03:27:17.2833488Z    Program.cs now contains:
Run All Tests	Test	2026-01-15T03:27:17.2833831Z    public class Program
Run All Tests	Test	2026-01-15T03:27:17.2834098Z    {
Run All Tests	Test	2026-01-15T03:27:17.2834375Z        private readonly IConfiguration _config;
Run All Tests	Test	2026-01-15T03:27:17.2834785Z        
Run All Tests	Test	2026-01-15T03:27:17.2835087Z        public Program(IConfiguration config)
Run All Tests	Test	2026-01-15T03:27:17.2835707Z        {
Run All Tests	Test	2026-01-15T03:27:17.2835960Z            _config = config;
Run All Tests	Test	2026-01-15T03:27:17.2836268Z        }
Run All Tests	Test	2026-01-15T03:27:17.2836491Z        
Run All Tests	Test	2026-01-15T03:27:17.2836740Z        public void Connect()
Run All Tests	Test	2026-01-15T03:27:17.2837081Z  
Run All Tests	Test	2026-01-15T03:27:17.2837448Z    âœ… AI improvements applied
Run All Tests	Test	2026-01-15T03:27:17.2837852Z    âœ… Real values restored
Run All Tests	Test	2026-01-15T03:27:17.2838424Z    âœ… Aliases removed
Run All Tests	Test	2026-01-15T03:27:17.2838681Z  
Run All Tests	Test	2026-01-15T03:27:17.2839058Z  â†¶ STEP 9: Testing undo (restore from backup)...
Run All Tests	Test	2026-01-15T03:27:17.2839382Z 
Run All Tests	Test	2026-01-15T03:27:17.2839394Z 
Run All Tests	Test	2026-01-15T03:27:17.2840382Z   Passed ShieldPrompt.Tests.Unit.Application.FileSystemManipulationTests.CreateFile_InNestedDirectory_ShouldCreateDirectories [8 ms]
Run All Tests	Test	2026-01-15T03:27:17.2842051Z   Failed ShieldPrompt.Tests.Unit.ViewModels.PasteRestoreWorkflowTests.PasteRestore_CopyRestored_ShouldCopyToClipboard [69 ms]
Run All Tests	Test	2026-01-15T03:27:17.2843032Z   Error Message:
Run All Tests	Test	2026-01-15T03:27:17.2843713Z    System.Exception : Could not execute process. Command line: bash -c "cat /tmp/tmpazvgiE.tmp | xsel -i --clipboard ".
Run All Tests	Test	2026-01-15T03:27:17.2844493Z Output: 
Run All Tests	Test	2026-01-15T03:27:17.2844648Z 
Run All Tests	Test	2026-01-15T03:27:17.2844869Z Error: bash: line 1: xsel: command not found
Run All Tests	Test	2026-01-15T03:27:17.2845309Z cat: write error: Broken pipe
Run All Tests	Test	2026-01-15T03:27:17.2845531Z 
Run All Tests	Test	2026-01-15T03:27:17.2845542Z 
Run All Tests	Test	2026-01-15T03:27:17.2845654Z   Stack Trace:
Run All Tests	Test	2026-01-15T03:27:17.2846162Z      at BashRunner.Run(String commandLine) in /_/src/TextCopy/BashRunner.cs:line 42
Run All Tests	Test	2026-01-15T03:27:17.2847111Z    at LinuxClipboard.InnerSetText(String tempFileName) in /_/src/TextCopy/LinuxClipboard_2.1.cs:line 42
Run All Tests	Test	2026-01-15T03:27:17.2848315Z    at LinuxClipboard.SetTextAsync(String text, CancellationToken cancellation) in /_/src/TextCopy/LinuxClipboard_2.1.cs:line 22
Run All Tests	Test	2026-01-15T03:27:17.2850383Z    at ShieldPrompt.App.ViewModels.PasteRestoreViewModel.CopyRestoredAsync() in /home/runner/work/shield-prompt/shield-prompt/src/ShieldPrompt.App/ViewModels/PasteRestoreViewModel.cs:line 128
Run All Tests	Test	2026-01-15T03:27:17.2853011Z    at ShieldPrompt.Tests.Unit.ViewModels.PasteRestoreWorkflowTests.PasteRestore_CopyRestored_ShouldCopyToClipboard() in /home/runner/work/shield-prompt/shield-prompt/tests/ShieldPrompt.Tests.Unit/ViewModels/PasteRestoreWorkflowTests.cs:line 260
Run All Tests	Test	2026-01-15T03:27:17.2854768Z --- End of stack trace from previous location ---
Run All Tests	Test	2026-01-15T03:27:17.2855743Z   Passed ShieldPrompt.Tests.Unit.Application.FileSystemManipulationTests.DeleteFile_ShouldBackupBeforeDeletion [4 ms]
Run All Tests	Test	2026-01-15T03:27:17.2888512Z   Passed ShieldPrompt.Tests.Unit.Sanitization.SanitizationEngineTests.Sanitize_WithAPIKey_ReplacesWithAlias [22 ms]
Run All Tests	Test	2026-01-15T03:27:17.2890790Z   Passed ShieldPrompt.Tests.Unit.ViewModels.PasteRestoreWorkflowTests.PasteRestore_EmptyContent_ShouldHandleGracefully [< 1 ms]
Run All Tests	Test	2026-01-15T03:27:17.2892571Z   Passed ShieldPrompt.Tests.Unit.ViewModels.PasteRestoreWorkflowTests.PasteRestore_ContentWithNoAliases_ShouldReturnUnchanged [< 1 ms]
Run All Tests	Test	2026-01-15T03:27:17.2894295Z   Passed ShieldPrompt.Tests.Unit.Application.FileSystemManipulationTests.CreateEmptyFile_ShouldSucceed [< 1 ms]
Run All Tests	Test	2026-01-15T03:27:17.2896879Z   Passed ShieldPrompt.Tests.Unit.Application.FileSystemManipulationTests.CreateDirectory_WhenNotAllowed_ShouldFail [< 1 ms]
Run All Tests	Test	2026-01-15T03:27:17.2898455Z   Passed ShieldPrompt.Tests.Unit.Application.FileSystemManipulationTests.UpdateMultipleFiles_ShouldModifyAll [4 ms]
Run All Tests	Test	2026-01-15T03:27:17.2900360Z   Passed ShieldPrompt.Tests.Unit.Application.FileSystemManipulationTests.Backup_EmptyFile_ShouldPreserveEmptyState [4 ms]
Run All Tests	Test	2026-01-15T03:27:17.2985395Z   Passed ShieldPrompt.Tests.Unit.Application.FileSystemManipulationTests.CompleteWorkflow_CreateNestedStructure_ShouldSucceed [4 ms]
Run All Tests	Test	2026-01-15T03:27:17.2987399Z   Passed ShieldPrompt.Tests.Unit.Application.Formatters.PromptFormatterTests.MarkdownFormatter_HasCorrectName [7 ms]
Run All Tests	Test	2026-01-15T03:27:17.2989121Z   Passed ShieldPrompt.Tests.Unit.Application.Formatters.PromptFormatterTests.MarkdownFormatter_WithFiles_CreatesMarkdown [< 1 ms]
Run All Tests	Test	2026-01-15T03:27:17.2991747Z   Passed ShieldPrompt.Tests.Unit.Application.Formatters.PromptFormatterTests.XmlFormatter_HasCorrectName [< 1 ms]
Run All Tests	Test	2026-01-15T03:27:17.2993475Z   Passed ShieldPrompt.Tests.Unit.Application.Formatters.PromptFormatterTests.XmlFormatter_WithFiles_CreatesValidXml [7 ms]
Run All Tests	Test	2026-01-15T03:27:17.2995194Z   Passed ShieldPrompt.Tests.Unit.Application.Formatters.PromptFormatterTests.XmlFormatter_WithTaskDescription_IncludesTask [< 1 ms]
Run All Tests	Test	2026-01-15T03:27:17.2997218Z   Passed ShieldPrompt.Tests.Unit.Application.Formatters.PromptFormatterTests.PlainTextFormatter_WithFiles_CreatesPlainText [1 ms]
Run All Tests	Test	2026-01-15T03:27:17.2999025Z   Passed ShieldPrompt.Tests.Unit.Application.Formatters.PromptFormatterTests.MarkdownFormatter_WithTaskDescription_IncludesTask [< 1 ms]
Run All Tests	Test	2026-01-15T03:27:17.3001097Z   Passed ShieldPrompt.Tests.Unit.Application.Formatters.PromptFormatterTests.PlainTextFormatter_WithTaskDescription_IncludesTask [< 1 ms]
Run All Tests	Test	2026-01-15T03:27:17.3236367Z   Passed ShieldPrompt.Tests.Unit.Application.Formatters.PromptFormatterTests.PlainTextFormatter_HasCorrectName [< 1 ms]
Run All Tests	Test	2026-01-15T03:27:17.3238085Z   Passed ShieldPrompt.Tests.Unit.Domain.ValueObjects.TokenCountTests.Equals_WithSameCount_ReturnsTrue [< 1 ms]
Run All Tests	Test	2026-01-15T03:27:17.3239866Z   Passed ShieldPrompt.Tests.Unit.Sanitization.SanitizationEngineTests.Sanitize_WithSameValueTwice_UsesSameAlias [40 ms]
Run All Tests	Test	2026-01-15T03:27:17.3241628Z   Passed ShieldPrompt.Tests.Unit.ViewModels.PasteRestoreWorkflowTests.PasteRestore_SimulatedChatGPTResponse_ShouldWork [40 ms]
Run All Tests	Test	2026-01-15T03:27:17.3243464Z   Passed ShieldPrompt.Tests.Unit.Domain.ValueObjects.TokenCountTests.TokenCount_WithNegativeValue_ThrowsArgumentException(invalidCount: -1) [11 ms]
Run All Tests	Test	2026-01-15T03:27:17.3245514Z   Passed ShieldPrompt.Tests.Unit.Domain.ValueObjects.TokenCountTests.TokenCount_WithNegativeValue_ThrowsArgumentException(invalidCount: -100) [< 1 ms]
Run All Tests	Test	2026-01-15T03:27:17.3247358Z   Passed ShieldPrompt.Tests.Unit.Domain.ValueObjects.TokenCountTests.ToString_ReturnsCountAsString [< 1 ms]
Run All Tests	Test	2026-01-15T03:27:17.3474377Z   Passed ShieldPrompt.Tests.Unit.Domain.ValueObjects.TokenCountTests.TokenCount_WithValidCount_CreatesCorrectly [< 1 ms]
Run All Tests	Test	2026-01-15T03:27:17.3476277Z   Passed ShieldPrompt.Tests.Unit.Domain.ValueObjects.TokenCountTests.CompareTo_WithLargerCount_ReturnsNegative [< 1 ms]
Run All Tests	Test	2026-01-15T03:27:17.3477960Z   Passed ShieldPrompt.Tests.Unit.Domain.ValueObjects.TokenCountTests.CompareTo_WithEqualCount_ReturnsZero [< 1 ms]
Run All Tests	Test	2026-01-15T03:27:17.3479650Z   Passed ShieldPrompt.Tests.Unit.Domain.ValueObjects.TokenCountTests.TokenCount_WithZero_CreatesCorrectly [< 1 ms]
Run All Tests	Test	2026-01-15T03:27:17.3481542Z   Passed ShieldPrompt.Tests.Unit.Domain.ValueObjects.TokenCountTests.CompareTo_WithSmallerCount_ReturnsPositive [12 ms]
Run All Tests	Test	2026-01-15T03:27:17.3483390Z   Passed ShieldPrompt.Tests.Unit.Domain.ValueObjects.TokenCountTests.Add_WithTwoCounts_ReturnsSum [< 1 ms]
Run All Tests	Test	2026-01-15T03:27:17.3484934Z   Passed ShieldPrompt.Tests.Unit.Domain.ValueObjects.TokenCountTests.Equals_WithDifferentCount_ReturnsFalse [< 1 ms]
Run All Tests	Test	2026-01-15T03:27:17.3486797Z   Passed ShieldPrompt.Tests.Unit.Integration.CompleteWorkflowIntegrationTests.CompleteWorkflow_WithNewFileCreation_ShouldWork [84 ms]
Run All Tests	Test	2026-01-15T03:27:17.3488796Z   Passed ShieldPrompt.Tests.Unit.Application.AIResponseParserTests.Parse_MultipleCodeBlocksNoHeaders_ShouldMapInOrder [< 1 ms]
Run All Tests	Test	2026-01-15T03:27:17.3491056Z   Passed ShieldPrompt.Tests.Unit.Application.AIResponseParserTests.Parse_NoFileMarkers_ShouldMapToFirstOriginalFile [1 ms]
Run All Tests	Test	2026-01-15T03:27:17.3492731Z   Passed ShieldPrompt.Tests.Unit.Application.AIResponseParserTests.Parse_EmptyResponse_ShouldReturnNoUpdates [< 1 ms]
Run All Tests	Test	2026-01-15T03:27:17.3494407Z   Passed ShieldPrompt.Tests.Unit.Application.AIResponseParserTests.Parse_EstimatesLinesChanged_FromContent [< 1 ms]
Run All Tests	Test	2026-01-15T03:27:17.3495732Z   Passed ShieldPrompt.Tests.Unit.Application.AIResponseParserTests.Parse_WithExplanationText_ShouldExtractOnlyCode [< 1 ms]
Run All Tests	Test	2026-01-15T03:27:17.3497220Z   Passed ShieldPrompt.Tests.Unit.Application.AIResponseParserTests.Parse_ChatGPTFormat_WithFileHeaders_ShouldExtractFile [< 1 ms]
Run All Tests	Test	2026-01-15T03:27:17.3498902Z   Passed ShieldPrompt.Tests.Unit.Application.AIResponseParserTests.Parse_NewFile_ShouldDetectAsCreate [< 1 ms]
Run All Tests	Test	2026-01-15T03:27:17.3519256Z   Passed ShieldPrompt.Tests.Unit.Application.AIResponseParserTests.Parse_MultipleFiles_ShouldExtractAll [1 ms]
Run All Tests	Test	2026-01-15T03:27:17.3520886Z   Passed ShieldPrompt.Tests.Unit.Application.AIResponseParserTests.Parse_ClaudeFormat_ShouldExtractFiles [< 1 ms]
Run All Tests	Test	2026-01-15T03:27:17.3535896Z   Passed ShieldPrompt.Tests.Unit.Application.AIResponseParserTests.Parse_WithCommentStyle_ShouldExtractFilePath [< 1 ms]
Run All Tests	Test	2026-01-15T03:27:17.3537478Z   Passed ShieldPrompt.Tests.Unit.Domain.Entities.FileNodeTests.Extension_WithFile_ReturnsCorrectExtension(expectedExt: ".txt") [< 1 ms]
Run All Tests	Test	2026-01-15T03:27:17.3539075Z   Passed ShieldPrompt.Tests.Unit.Domain.Entities.FileNodeTests.Extension_WithFile_ReturnsCorrectExtension(expectedExt: ".cs") [< 1 ms]
Run All Tests	Test	2026-01-15T03:27:17.3540815Z   Passed ShieldPrompt.Tests.Unit.Domain.Entities.FileNodeTests.Extension_WithFile_ReturnsCorrectExtension(expectedExt: ".md") [< 1 ms]
Run All Tests	Test	2026-01-15T03:27:17.3542307Z   Passed ShieldPrompt.Tests.Unit.Domain.Entities.FileNodeTests.IsSelected_SetTrue_UpdatesProperty [< 1 ms]
Run All Tests	Test	2026-01-15T03:27:17.3543615Z   Passed ShieldPrompt.Tests.Unit.Domain.Entities.FileNodeTests.AddChild_WithValidChild_AddsToChildren [< 1 ms]
Run All Tests	Test	2026-01-15T03:27:17.3544991Z   Passed ShieldPrompt.Tests.Unit.Domain.Entities.FileNodeTests.FileNode_WithDirectory_CreatesCorrectly [< 1 ms]
Run All Tests	Test	2026-01-15T03:27:17.3546231Z   Passed ShieldPrompt.Tests.Unit.Domain.Entities.FileNodeTests.FileNode_WithFile_CreatesCorrectly [< 1 ms]
Run All Tests	Test	2026-01-15T03:27:17.3547484Z   Passed ShieldPrompt.Tests.Unit.Domain.Entities.FileNodeTests.Extension_WithDirectory_ReturnsEmpty [< 1 ms]
Run All Tests	Test	2026-01-15T03:27:17.3567442Z   Passed ShieldPrompt.Tests.Unit.Sanitization.SanitizationEngineTests.Sanitize_WithDatabaseName_ReplacesWithAlias [40 ms]
Run All Tests	Test	2026-01-15T03:27:17.3571592Z   Passed ShieldPrompt.Tests.Unit.Application.Services.TokenCountingServiceTests.CountTokens_WithEmptyString_ReturnsZero [< 1 ms]
Run All Tests	Test	2026-01-15T03:27:17.3577397Z   Passed ShieldPrompt.Tests.Unit.Application.Services.TokenCountingServiceTests.ExceedsLimit_WithGPT4o_ReturnsExpectedResult(tokens: 96000, expected: False) [< 1 ms]
Run All Tests	Test	2026-01-15T03:27:17.3582974Z   Passed ShieldPrompt.Tests.Unit.Sanitization.MappingSessionTests.MappingSession_WhenCreated_ExpiresInFourHours [1 ms]
Run All Tests	Test	2026-01-15T03:27:17.3587761Z   Passed ShieldPrompt.Tests.Unit.Application.Services.TokenCountingServiceTests.ExceedsLimit_WithGPT4o_ReturnsExpectedResult(tokens: 128000, expected: True) [< 1 ms]
Run All Tests	Test	2026-01-15T03:27:17.3592772Z   Passed ShieldPrompt.Tests.Unit.Sanitization.MappingSessionTests.GetOriginal_WithNonExistentAlias_ReturnsNull [< 1 ms]
Run All Tests	Test	2026-01-15T03:27:17.3598383Z   Passed ShieldPrompt.Tests.Unit.Application.Services.TokenCountingServiceTests.ExceedsLimit_WithGPT4o_ReturnsExpectedResult(tokens: 50000, expected: False) [< 1 ms]
Run All Tests	Test	2026-01-15T03:27:17.3603803Z   Passed ShieldPrompt.Tests.Unit.Application.Services.TokenCountingServiceTests.ExceedsLimit_WithGPT4o_ReturnsExpectedResult(tokens: 95999, expected: False) [< 1 ms]
Run All Tests	Test	2026-01-15T03:27:17.3607441Z   Passed ShieldPrompt.Tests.Unit.Application.Services.TokenCountingServiceTests.ExceedsLimit_WithGPT4o_ReturnsExpectedResult(tokens: 96001, expected: True) [< 1 ms]
Run All Tests	Test	2026-01-15T03:27:17.3613707Z   Passed ShieldPrompt.Tests.Unit.Sanitization.MappingSessionTests.Clear_RemovesAllMappings [9 ms]
Run All Tests	Test	2026-01-15T03:27:17.3614954Z   Passed ShieldPrompt.Tests.Unit.Sanitization.MappingSessionTests.ExtendSession_IncreasesExpiryTime [< 1 ms]
Run All Tests	Test	2026-01-15T03:27:17.3616456Z   Passed ShieldPrompt.Tests.Unit.ViewModels.PasteRestoreWorkflowTests.PasteRestore_ChangeSummary_ShouldDescribeAllChanges [53 ms]
Run All Tests	Test	2026-01-15T03:27:17.3618122Z   Passed ShieldPrompt.Tests.Unit.Sanitization.MappingSessionTests.GetAllMappings_WithMultipleMappings_ReturnsAll [< 1 ms]
Run All Tests	Test	2026-01-15T03:27:17.3619637Z   Passed ShieldPrompt.Tests.Unit.Sanitization.MappingSessionTests.MappingSession_IsThreadSafe [< 1 ms]
Run All Tests	Test	2026-01-15T03:27:17.3621243Z   Passed ShieldPrompt.Tests.Unit.Sanitization.MappingSessionTests.MappingSession_WhenCreated_HasCreatedAtTimestamp [< 1 ms]
Run All Tests	Test	2026-01-15T03:27:17.3692021Z   Passed ShieldPrompt.Tests.Unit.Sanitization.MappingSessionTests.GetAlias_WithNonExistentOriginal_ReturnsNull [< 1 ms]
Run All Tests	Test	2026-01-15T03:27:17.3697236Z   Passed ShieldPrompt.Tests.Unit.Sanitization.MappingSessionTests.MappingSession_WhenCreated_HasValidSessionId [< 1 ms]
Run All Tests	Test	2026-01-15T03:27:17.3699283Z   Passed ShieldPrompt.Tests.Unit.Sanitization.MappingSessionTests.AddMapping_WithSameOriginalTwice_KeepsFirstAlias [< 1 ms]
Run All Tests	Test	2026-01-15T03:27:17.3701101Z   Passed ShieldPrompt.Tests.Unit.Sanitization.MappingSessionTests.AddMapping_WithNewValue_StoresMapping [< 1 ms]
Run All Tests	Test	2026-01-15T03:27:17.3702925Z   Passed ShieldPrompt.Tests.Unit.Application.Services.FileAggregationServiceTests.IsBinaryFile_WithTextExtension_ReturnsFalse(extension: ".md") [< 1 ms]
Run All Tests	Test	2026-01-15T03:27:17.3705077Z   Passed ShieldPrompt.Tests.Unit.Application.Services.FileAggregationServiceTests.IsBinaryFile_WithTextExtension_ReturnsFalse(extension: ".json") [< 1 ms]
Run All Tests	Test	2026-01-15T03:27:17.3707256Z   Passed ShieldPrompt.Tests.Unit.Application.Services.FileAggregationServiceTests.IsBinaryFile_WithTextExtension_ReturnsFalse(extension: ".cs") [< 1 ms]
Run All Tests	Test	2026-01-15T03:27:17.3709451Z   Passed ShieldPrompt.Tests.Unit.Application.Services.FileAggregationServiceTests.IsBinaryFile_WithTextExtension_ReturnsFalse(extension: ".txt") [< 1 ms]
Run All Tests	Test	2026-01-15T03:27:17.3712047Z   Passed ShieldPrompt.Tests.Unit.Application.Services.FileAggregationServiceTests.IsBinaryFile_WithBinaryExtension_ReturnsTrue(extension: ".dll") [< 1 ms]
Run All Tests	Test	2026-01-15T03:27:17.3926636Z   Passed ShieldPrompt.Tests.Unit.Application.Services.FileAggregationServiceTests.IsBinaryFile_WithBinaryExtension_ReturnsTrue(extension: ".exe") [< 1 ms]
Run All Tests	Test	2026-01-15T03:27:17.3929941Z   Passed ShieldPrompt.Tests.Unit.Application.Services.FileAggregationServiceTests.IsBinaryFile_WithBinaryExtension_ReturnsTrue(extension: ".png") [< 1 ms]
Run All Tests	Test	2026-01-15T03:27:17.3932232Z   Passed ShieldPrompt.Tests.Unit.Application.Services.FileAggregationServiceTests.IsBinaryFile_WithBinaryExtension_ReturnsTrue(extension: ".jpg") [< 1 ms]
Run All Tests	Test	2026-01-15T03:27:17.3934472Z   Passed ShieldPrompt.Tests.Unit.Sanitization.BuiltInPatternsTests.PasswordsInCode_WithVariousFormats_Matches(input: "AUTH_TOKEN=secretvalue123") [13 ms]
Run All Tests	Test	2026-01-15T03:27:17.3936533Z   Passed ShieldPrompt.Tests.Unit.Application.Services.FileAggregationServiceTests.LoadDirectoryAsync_WithValidPath_ReturnsTree [9 ms]
Run All Tests	Test	2026-01-15T03:27:17.3938632Z   Passed ShieldPrompt.Tests.Unit.Sanitization.BuiltInPatternsTests.PasswordsInCode_WithVariousFormats_Matches(input: "password = \"MySecret123\"") [8 ms]
Run All Tests	Test	2026-01-15T03:27:17.3940881Z   Passed ShieldPrompt.Tests.Unit.Sanitization.BuiltInPatternsTests.PasswordsInCode_WithVariousFormats_Matches(input: "apiKey: 'abc123def456'") [6 ms]
Run All Tests	Test	2026-01-15T03:27:17.3942914Z   Passed ShieldPrompt.Tests.Unit.Sanitization.BuiltInPatternsTests.CreditCards_WithValidFormats_Matches(input: "3782 822463 10005") [10 ms]
Run All Tests	Test	2026-01-15T03:27:17.4166212Z   Passed ShieldPrompt.Tests.Unit.Sanitization.BuiltInPatternsTests.CreditCards_WithValidFormats_Matches(input: "5500-0000-0000-0004") [12 ms]
Run All Tests	Test	2026-01-15T03:27:17.4168287Z   Passed ShieldPrompt.Tests.Unit.Integration.TutorialProjectIntegrationTests.TutorialProject_WhenSanitized_ShouldMaskAllFakeSecrets [91 ms]
Run All Tests	Test	2026-01-15T03:27:17.4170478Z   Passed ShieldPrompt.Tests.Unit.Application.Services.FileAggregationServiceTests.LoadDirectoryAsync_WithNodeModules_ExcludesFolder [46 ms]
Run All Tests	Test	2026-01-15T03:27:17.4172389Z   Passed ShieldPrompt.Tests.Unit.Application.Services.FileAggregationServiceTests.IsExcluded_WithExcludedFolder_ReturnsTrue(folderName: "obj") [< 1 ms]
Run All Tests	Test	2026-01-15T03:27:17.4174128Z   Passed ShieldPrompt.Tests.Unit.Application.Services.FileAggregationServiceTests.IsExcluded_WithExcludedFolder_ReturnsTrue(folderName: "bin") [< 1 ms]
Run All Tests	Test	2026-01-15T03:27:17.4175982Z   Passed ShieldPrompt.Tests.Unit.Application.Services.FileAggregationServiceTests.IsExcluded_WithExcludedFolder_ReturnsTrue(folderName: "node_modules") [< 1 ms]
Run All Tests	Test	2026-01-15T03:27:17.4178229Z   Passed ShieldPrompt.Tests.Unit.Application.Services.FileAggregationServiceTests.IsExcluded_WithExcludedFolder_ReturnsTrue(folderName: ".git") [< 1 ms]
Run All Tests	Test	2026-01-15T03:27:17.4232549Z   Passed ShieldPrompt.Tests.Unit.Integration.TutorialProjectIntegrationTests.TutorialProject_WhenLoaded_ShouldReturnFileTree [2 ms]
Run All Tests	Test	2026-01-15T03:27:17.4233854Z   Passed ShieldPrompt.Tests.Unit.Sanitization.BuiltInPatternsTests.CreditCards_WithValidFormats_Matches(input: "4111 1111 1111 1111") [11 ms]
Run All Tests	Test	2026-01-15T03:27:17.4235200Z   Passed ShieldPrompt.Tests.Unit.Application.Services.FileAggregationServiceTests.LoadDirectoryAsync_WithNestedFolders_ReturnsHierarchy [4 ms]
Run All Tests	Test	2026-01-15T03:27:17.4236259Z   Passed ShieldPrompt.Tests.Unit.Sanitization.BuiltInPatternsTests.PrivateKeys_WithPEMHeaders_Matches(input: "-----BEGIN OPENSSH PRIVATE KEY-----") [4 ms]
Run All Tests	Test	2026-01-15T03:27:17.4237254Z   Passed ShieldPrompt.Tests.Unit.Application.Services.FileAggregationServiceTests.IsExcluded_WithNormalPath_ReturnsFalse [< 1 ms]
Run All Tests	Test	2026-01-15T03:27:17.4238253Z   Passed ShieldPrompt.Tests.Unit.Application.Services.FileAggregationServiceTests.AggregateContentsAsync_WithEmptyList_ReturnsEmpty [< 1 ms]
Run All Tests	Test	2026-01-15T03:27:17.4239304Z   Passed ShieldPrompt.Tests.Unit.Integration.TutorialProjectIntegrationTests.TutorialProject_WhenAggregated_ShouldContainExpectedContent [6 ms]
Run All Tests	Test	2026-01-15T03:27:17.4394511Z   Passed ShieldPrompt.Tests.Unit.Sanitization.BuiltInPatternsTests.PrivateKeys_WithPEMHeaders_Matches(input: "-----BEGIN RSA PRIVATE KEY-----") [4 ms]
Run All Tests	Test	2026-01-15T03:27:17.4396498Z   Passed ShieldPrompt.Tests.Unit.Application.Services.FileAggregationServiceTests.AggregateContentsAsync_WithThreeFiles_ConcatenatesAll [3 ms]
Run All Tests	Test	2026-01-15T03:27:17.4398348Z   Passed ShieldPrompt.Tests.Unit.Sanitization.BuiltInPatternsTests.PrivateKeys_WithPEMHeaders_Matches(input: "-----BEGIN EC PRIVATE KEY-----") [3 ms]
Run All Tests	Test	2026-01-15T03:27:17.4400070Z   Passed ShieldPrompt.Tests.Unit.Application.FileWriterServiceTests.ApplyUpdates_CreateNewFile_ShouldCreateFile [2 ms]
Run All Tests	Test	2026-01-15T03:27:17.4401700Z   Passed ShieldPrompt.Tests.Unit.Sanitization.BuiltInPatternsTests.PrivateKeys_WithPEMHeaders_Matches(input: "-----BEGIN PRIVATE KEY-----") [2 ms]
Run All Tests	Test	2026-01-15T03:27:17.4403246Z   Passed ShieldPrompt.Tests.Unit.Sanitization.BuiltInPatternsTests.GetAll_Returns14Patterns [1 ms]
Run All Tests	Test	2026-01-15T03:27:17.4404722Z   Passed ShieldPrompt.Tests.Unit.Application.FileWriterServiceTests.ApplyUpdates_WithSingleFileUpdate_ShouldWriteFile [7 ms]
Run All Tests	Test	2026-01-15T03:27:17.4406522Z   Passed ShieldPrompt.Tests.Unit.Sanitization.BuiltInPatternsTests.ServerDatabaseNames_WithValidNames_Matches(input: "test-mongodb") [6 ms]
Run All Tests	Test	2026-01-15T03:27:17.4555559Z   Passed ShieldPrompt.Tests.Unit.Application.FileWriterServiceTests.ApplyUpdates_ShouldCreateBackup_BeforeWriting [2 ms]
Run All Tests	Test	2026-01-15T03:27:17.4557492Z   Passed ShieldPrompt.Tests.Unit.Application.FileWriterServiceTests.ApplyUpdates_CreateFileInNewDirectory_ShouldCreateDirectory [2 ms]
Run All Tests	Test	2026-01-15T03:27:17.4561671Z   Passed ShieldPrompt.Tests.Unit.Application.FileWriterServiceTests.ApplyUpdates_DeleteType_WhenAllowed_ShouldMoveToBackup [2 ms]
Run All Tests	Test	2026-01-15T03:27:17.4563496Z   Passed ShieldPrompt.Tests.Unit.Sanitization.BuiltInPatternsTests.ServerDatabaseNames_WithValidNames_Matches(input: "ProductionDB") [7 ms]
Run All Tests	Test	2026-01-15T03:27:17.4565159Z   Passed ShieldPrompt.Tests.Unit.Application.FileWriterServiceTests.ApplyUpdates_WithInvalidPath_ShouldAddError [< 1 ms]
Run All Tests	Test	2026-01-15T03:27:17.4566858Z   Passed ShieldPrompt.Tests.Unit.Application.FileWriterServiceTests.ApplyUpdates_MultipleFiles_ShouldApplyAllSuccessfully [2 ms]
Run All Tests	Test	2026-01-15T03:27:17.4568283Z   Passed ShieldPrompt.Tests.Unit.Application.FileWriterServiceTests.RestoreBackup_WithInvalidId_ShouldThrow [3 ms]
Run All Tests	Test	2026-01-15T03:27:17.4569945Z   Passed ShieldPrompt.Tests.Unit.Application.FileWriterServiceTests.ApplyUpdates_WhenDirectoryCreationNotAllowed_ShouldFail [< 1 ms]
Run All Tests	Test	2026-01-15T03:27:17.4730640Z   Passed ShieldPrompt.Tests.Unit.Sanitization.BuiltInPatternsTests.ServerDatabaseNames_WithValidNames_Matches(input: "staging-mysql") [8 ms]
Run All Tests	Test	2026-01-15T03:27:17.4735896Z   Passed ShieldPrompt.Tests.Unit.Application.FileWriterServiceTests.ApplyUpdates_DryRun_ShouldNotModifyFiles [1 ms]
Run All Tests	Test	2026-01-15T03:27:17.4737629Z   Passed ShieldPrompt.Tests.Unit.Sanitization.BuiltInPatternsTests.ServerDatabaseNames_WithValidNames_Matches(input: "dev_postgres") [8 ms]
Run All Tests	Test	2026-01-15T03:27:17.4739203Z   Passed ShieldPrompt.Tests.Unit.Application.FileWriterServiceTests.ApplyUpdates_DeleteType_WhenNotAllowed_ShouldAddError [11 ms]
Run All Tests	Test	2026-01-15T03:27:17.4741180Z   Passed ShieldPrompt.Tests.Unit.Application.FileWriterServiceTests.CreateBackup_ShouldBackupAllSpecifiedFiles [2 ms]
Run All Tests	Test	2026-01-15T03:27:17.4742667Z   Passed ShieldPrompt.Tests.Unit.Sanitization.DesanitizationEngineTests.Desanitize_WithDATABASE_0_RestoresOriginal [< 1 ms]
Run All Tests	Test	2026-01-15T03:27:17.4744308Z   Passed ShieldPrompt.Tests.Unit.Sanitization.DesanitizationEngineTests.Desanitize_WithUnknownAlias_LeavesUnchanged [< 1 ms]
Run All Tests	Test	2026-01-15T03:27:17.4745875Z   Passed ShieldPrompt.Tests.Unit.Sanitization.BuiltInPatternsTests.ServerDatabaseNames_WithValidNames_Matches(input: "UAT_SQL") [8 ms]
Run All Tests	Test	2026-01-15T03:27:17.5272026Z   Passed ShieldPrompt.Tests.Unit.Sanitization.BuiltInPatternsTests.GetAll_PatternsAreEnabledByDefault [9 ms]
Run All Tests	Test	2026-01-15T03:27:17.5273819Z   Passed ShieldPrompt.Tests.Unit.Sanitization.BuiltInPatternsTests.ConnectionStrings_WithValidStrings_Matches(input: "Server=prod-sql;") [6 ms]
Run All Tests	Test	2026-01-15T03:27:17.5275922Z   Passed ShieldPrompt.Tests.Unit.Sanitization.BuiltInPatternsTests.ConnectionStrings_WithValidStrings_Matches(input: "Data Source=localhost;") [6 ms]
Run All Tests	Test	2026-01-15T03:27:17.5277988Z   Passed ShieldPrompt.Tests.Unit.Sanitization.BuiltInPatternsTests.ConnectionStrings_WithValidStrings_Matches(input: "HOST=db.internal;") [5 ms]
Run All Tests	Test	2026-01-15T03:27:17.5280046Z   Passed ShieldPrompt.Tests.Unit.Sanitization.BuiltInPatternsTests.PrivateIPAddresses_WithPrivateIPs_Matches(input: "10.0.0.1") [8 ms]
Run All Tests	Test	2026-01-15T03:27:17.5282023Z   Passed ShieldPrompt.Tests.Unit.Sanitization.BuiltInPatternsTests.PrivateIPAddresses_WithPrivateIPs_Matches(input: "172.16.0.1") [8 ms]
Run All Tests	Test	2026-01-15T03:27:17.5284006Z   Passed ShieldPrompt.Tests.Unit.Sanitization.BuiltInPatternsTests.PrivateIPAddresses_WithPrivateIPs_Matches(input: "192.168.1.50") [7 ms]
Run All Tests	Test	2026-01-15T03:27:17.5285816Z   Passed ShieldPrompt.Tests.Unit.Sanitization.DesanitizationEngineTests.RoundTrip_WithComplexContent_PreservesStructure [55 ms]
Run All Tests	Test	2026-01-15T03:27:17.5450947Z   Passed ShieldPrompt.Tests.Unit.Sanitization.DesanitizationEngineTests.Desanitize_WithNoAliases_ReturnsUnchanged [< 1 ms]
Run All Tests	Test	2026-01-15T03:27:17.5455004Z   Passed ShieldPrompt.Tests.Unit.Sanitization.DesanitizationEngineTests.Desanitize_WithSameAliasTwice_RestoresBoth [< 1 ms]
Run All Tests	Test	2026-01-15T03:27:17.5456877Z   Passed ShieldPrompt.Tests.Unit.Sanitization.BuiltInPatternsTests.PrivateIPAddresses_WithPrivateIPs_Matches(input: "172.31.255.255") [7 ms]
Run All Tests	Test	2026-01-15T03:27:17.5458984Z   Passed ShieldPrompt.Tests.Unit.Sanitization.BuiltInPatternsTests.WindowsFilePaths_WithValidPaths_Matches(input: "\\\\fileserver\\share\\data\\file.csv") [3 ms]
Run All Tests	Test	2026-01-15T03:27:17.5461243Z   Passed ShieldPrompt.Tests.Unit.Sanitization.BuiltInPatternsTests.WindowsFilePaths_WithValidPaths_Matches(input: "D:\\Projects\\MyApp\\config.json") [3 ms]
Run All Tests	Test	2026-01-15T03:27:17.5463359Z   Passed ShieldPrompt.Tests.Unit.Sanitization.BuiltInPatternsTests.WindowsFilePaths_WithValidPaths_Matches(input: "C:\\Users\\Admin\\Documents\\secret.txt") [2 ms]
Run All Tests	Test	2026-01-15T03:27:17.5465191Z   Passed ShieldPrompt.Tests.Unit.Sanitization.BuiltInPatternsTests.GitHubTokens_WithValidTokens_Matches(input: "ghp_1234567890123456789012345678901234567890") [1 ms]
Run All Tests	Test	2026-01-15T03:27:17.5467102Z   Passed ShieldPrompt.Tests.Unit.Sanitization.BuiltInPatternsTests.GitHubTokens_WithValidTokens_Matches(input: "gho_1234567890123456789012345678901234567890") [1 ms]
Run All Tests	Test	2026-01-15T03:27:17.5724772Z   Passed ShieldPrompt.Tests.Unit.Sanitization.BuiltInPatternsTests.InternalHostnames_WithInternalDomains_Matches(input: "server.local.network") [5 ms]
Run All Tests	Test	2026-01-15T03:27:17.5727963Z   Passed ShieldPrompt.Tests.Unit.Sanitization.BuiltInPatternsTests.InternalHostnames_WithInternalDomains_Matches(input: "api.corp.mycompany.io") [3 ms]
Run All Tests	Test	2026-01-15T03:27:17.5729357Z   Passed ShieldPrompt.Tests.Unit.Sanitization.DesanitizationEngineTests.RoundTrip_SanitizeAndDesanitize_RestoresOriginal [27 ms]
Run All Tests	Test	2026-01-15T03:27:17.5730434Z   Passed ShieldPrompt.Tests.Unit.Sanitization.DesanitizationEngineTests.Desanitize_WithMultipleAliases_RestoresAll [< 1 ms]
Run All Tests	Test	2026-01-15T03:27:17.5731529Z   Passed ShieldPrompt.Tests.Unit.Sanitization.BuiltInPatternsTests.InternalHostnames_WithInternalDomains_Matches(input: "db-prod-01.internal.company.com") [5 ms]
Run All Tests	Test	2026-01-15T03:27:17.5732605Z   Passed ShieldPrompt.Tests.Unit.Sanitization.BuiltInPatternsTests.SocialSecurityNumbers_WithValidFormats_Matches(input: "123-45-6789") [4 ms]
Run All Tests	Test	2026-01-15T03:27:17.5733589Z   Passed ShieldPrompt.Tests.Unit.Sanitization.BuiltInPatternsTests.SocialSecurityNumbers_WithValidFormats_Matches(input: "123 45 6789") [4 ms]
Run All Tests	Test	2026-01-15T03:27:17.5734575Z   Passed ShieldPrompt.Tests.Unit.Sanitization.BuiltInPatternsTests.SocialSecurityNumbers_WithValidFormats_Matches(input: "123456789") [4 ms]
Run All Tests	Test	2026-01-15T03:27:17.5868274Z   Passed ShieldPrompt.Tests.Unit.Sanitization.BuiltInPatternsTests.PrivateIPAddresses_WithPublicIPs_DoesNotMatch(input: "1.1.1.1") [1 ms]
Run All Tests	Test	2026-01-15T03:27:17.5872143Z   Passed ShieldPrompt.Tests.Unit.Sanitization.BuiltInPatternsTests.PrivateIPAddresses_WithPublicIPs_DoesNotMatch(input: "8.8.8.8") [1 ms]
Run All Tests	Test	2026-01-15T03:27:17.5873839Z   Passed ShieldPrompt.Tests.Unit.Sanitization.BuiltInPatternsTests.AnthropicKeys_WithValidKey_Matches [1 ms]
Run All Tests	Test	2026-01-15T03:27:17.5874885Z   Passed ShieldPrompt.Tests.Unit.Sanitization.BuiltInPatternsTests.AWSKeys_WithValidKeys_Matches(input: "AKIAJG7L5WE12345678X") [1 ms]
Run All Tests	Test	2026-01-15T03:27:17.5875925Z   Passed ShieldPrompt.Tests.Unit.Sanitization.BuiltInPatternsTests.AWSKeys_WithValidKeys_Matches(input: "AKIAIOSFODNN7EXAMPLE") [1 ms]
Run All Tests	Test	2026-01-15T03:27:17.5877407Z   Passed ShieldPrompt.Tests.Unit.Sanitization.BuiltInPatternsTests.JWTTokens_WithValidJWT_Matches [2 ms]
Run All Tests	Test	2026-01-15T03:27:17.5878747Z   Passed ShieldPrompt.Tests.Unit.Sanitization.BuiltInPatternsTests.GetAll_PatternsHaveValidPriorities [< 1 ms]
Run All Tests	Test	2026-01-15T03:27:17.5879488Z   Passed ShieldPrompt.Tests.Unit.Sanitization.BuiltInPatternsTests.OpenAIKeys_WithValidKey_Matches [1 ms]
Run All Tests	Test	2026-01-15T03:27:17.5880465Z   Passed ShieldPrompt.Tests.Unit.Domain.Entities.PatternTests.CreateRegex_WithInvalidPattern_ThrowsArgumentException [< 1 ms]
Run All Tests	Test	2026-01-15T03:27:18.1588068Z   Passed ShieldPrompt.Tests.Unit.Domain.Entities.PatternTests.CreateRegex_WithValidPattern_ReturnsCompiledRegex [2 ms]
Run All Tests	Test	2026-01-15T03:27:18.1590185Z   Passed ShieldPrompt.Tests.Unit.Domain.Entities.PatternTests.Pattern_CanBeDisabled [< 1 ms]
Run All Tests	Test	2026-01-15T03:27:18.1591884Z   Passed ShieldPrompt.Tests.Unit.Domain.Entities.PatternTests.Pattern_WithEmptyName_ThrowsArgumentException [< 1 ms]
Run All Tests	Test	2026-01-15T03:27:18.1593704Z   Passed ShieldPrompt.Tests.Unit.Domain.Entities.PatternTests.Matches_WithMatchingContent_ReturnsTrue [1 ms]
Run All Tests	Test	2026-01-15T03:27:18.1595369Z   Passed ShieldPrompt.Tests.Unit.Domain.Entities.PatternTests.Pattern_WithCustomPriority_SetsPriority [< 1 ms]
Run All Tests	Test	2026-01-15T03:27:18.1597192Z   Passed ShieldPrompt.Tests.Unit.Domain.Entities.PatternTests.Matches_WithNonMatchingContent_ReturnsFalse [< 1 ms]
Run All Tests	Test	2026-01-15T03:27:18.1598901Z   Passed ShieldPrompt.Tests.Unit.Domain.Entities.PatternTests.Pattern_WithNullName_ThrowsArgumentNullException [1 ms]
Run All Tests	Test	2026-01-15T03:27:18.1600779Z   Passed ShieldPrompt.Tests.Unit.Domain.Entities.PatternTests.Pattern_WithValidInputs_CreatesCorrectly [< 1 ms]
Run All Tests	Test	2026-01-15T03:27:18.1602433Z   Passed ShieldPrompt.Tests.Unit.Domain.Entities.PatternTests.Pattern_WithNullRegex_ThrowsArgumentNullException [< 1 ms]
Run All Tests	Test	2026-01-15T03:27:18.1604093Z   Passed ShieldPrompt.Tests.Unit.Integration.TutorialProjectIntegrationTests.TutorialProject_TokenCount_ShouldMatchExpectations [712 ms]
Run All Tests	Test	2026-01-15T03:27:18.5457199Z   Passed ShieldPrompt.Tests.Unit.Application.Services.TokenCountingServiceTests.CountTokens_WithLongText_ReturnsCorrectCount [844 ms]
Run All Tests	Test	2026-01-15T03:27:18.5460654Z   Passed ShieldPrompt.Tests.Unit.Application.Services.TokenCountingServiceTests.CountFileTokensAsync_WithEmptyFile_ReturnsZero [2 ms]
Run All Tests	Test	2026-01-15T03:27:18.5462723Z   Passed ShieldPrompt.Tests.Unit.Application.Services.TokenCountingServiceTests.ExceedsLimit_WithGemini_AllowsMoreTokens [< 1 ms]
Run All Tests	Test	2026-01-15T03:27:18.5464822Z   Passed ShieldPrompt.Tests.Unit.ViewModels.MainWindowViewModelCounterTests.SanitizedValueCount_AfterClearSession_ShouldResetToZero [805 ms]
Run All Tests	Test	2026-01-15T03:27:18.5467176Z   Passed ShieldPrompt.Tests.Unit.Application.Services.TokenCountingServiceTests.CountFileTokensAsync_WithTextFile_ReturnsCount [187 ms]
Run All Tests	Test	2026-01-15T03:27:18.5469389Z   Passed ShieldPrompt.Tests.Unit.Integration.TutorialProjectIntegrationTests.TutorialProject_FullWorkflow_ShouldMatchDocumentedBehavior [396 ms]
Run All Tests	Test	2026-01-15T03:27:18.5471637Z   Passed ShieldPrompt.Tests.Unit.Integration.TutorialProjectIntegrationTests.TutorialProject_ShouldExist_AndBeReadable [< 1 ms]
Run All Tests	Test	2026-01-15T03:27:18.5473723Z   Passed ShieldPrompt.Tests.Unit.Application.Services.TokenCountingServiceTests.CountTokens_WithCodeSnippet_ReturnsReasonableCount [164 ms]
Run All Tests	Test	2026-01-15T03:27:20.0463920Z   Passed ShieldPrompt.Tests.Unit.ViewModels.MainWindowViewModelCounterTests.SelectedFileCount_WithVariousSelections_ShouldMatchActualCount(filesToSelect: 1, expected: 1) [236 ms]
Run All Tests	Test	2026-01-15T03:27:20.0465154Z   Passed ShieldPrompt.Tests.Unit.Application.Services.TokenCountingServiceTests.CountTokens_WithSimpleText_ReturnsCount [69 ms]
Run All Tests	Test	2026-01-15T03:27:20.0466276Z   Passed ShieldPrompt.Tests.Unit.ViewModels.MainWindowViewModelCounterTests.SelectedFileCount_WithVariousSelections_ShouldMatchActualCount(filesToSelect: 0, expected: 0) [203 ms]
Run All Tests	Test	2026-01-15T03:27:20.0467534Z   Passed ShieldPrompt.Tests.Unit.ViewModels.MainWindowViewModelCounterTests.SelectedFileCount_WithVariousSelections_ShouldMatchActualCount(filesToSelect: 2, expected: 2) [202 ms]
Run All Tests	Test	2026-01-15T03:27:20.0468807Z   Passed ShieldPrompt.Tests.Unit.ViewModels.MainWindowViewModelCounterTests.SelectedFileCount_WithVariousSelections_ShouldMatchActualCount(filesToSelect: 3, expected: 3) [201 ms]
Run All Tests	Test	2026-01-15T03:27:20.0470141Z   Passed ShieldPrompt.Tests.Unit.ViewModels.MainWindowViewModelCounterTests.SelectedFileCount_WhenMultipleFilesSelected_ShouldIncrementCorrectly [202 ms]
Run All Tests	Test	2026-01-15T03:27:21.5480080Z   Passed ShieldPrompt.Tests.Unit.ViewModels.MainWindowViewModelCounterTests.PerFileTokenCount_AfterLoadingFolder_ShouldBePopulated [1 s]
Run All Tests	Test	2026-01-15T03:27:21.5481192Z   Passed ShieldPrompt.Tests.Unit.ViewModels.MainWindowViewModelCounterTests.TotalTokens_AfterCopy_ShouldShowExactCount [251 ms]
Run All Tests	Test	2026-01-15T03:27:21.5482113Z   Passed ShieldPrompt.Tests.Unit.ViewModels.MainWindowViewModelCounterTests.TotalTokens_Initially_ShouldBeZero [< 1 ms]
Run All Tests	Test	2026-01-15T03:27:21.5483061Z   Passed ShieldPrompt.Tests.Unit.ViewModels.MainWindowViewModelCounterTests.SelectedFileCount_WhenDeselectAllCalled_ShouldBeZero [203 ms]
Run All Tests	Test	2026-01-15T03:27:21.5484117Z   Passed ShieldPrompt.Tests.Unit.ViewModels.MainWindowViewModelCounterTests.SelectedFileCount_WhenSelectAllCalled_ShouldCountAllNonDirectoryFiles [203 ms]
Run All Tests	Test	2026-01-15T03:27:21.5485194Z   Passed ShieldPrompt.Tests.Unit.ViewModels.MainWindowViewModelCounterTests.SelectedFileCount_WhenFileDeselected_ShouldDecrement [202 ms]
Run All Tests	Test	2026-01-15T03:27:23.0477857Z   Passed ShieldPrompt.Tests.Unit.ViewModels.MainWindowViewModelCounterTests.SanitizedValueCount_AfterCopyingTutorialFiles_ShouldBeGreaterThanZero [322 ms]
Run All Tests	Test	2026-01-15T03:27:23.0480050Z   Passed ShieldPrompt.Tests.Unit.ViewModels.MainWindowViewModelCounterTests.TotalTokens_WhenMultipleFilesSelected_ShouldSumEstimates [703 ms]
Run All Tests	Test	2026-01-15T03:27:23.4167275Z [xUnit.net 00:00:06.74]   Finished:    ShieldPrompt.Tests.Unit
Run All Tests	Test	2026-01-15T03:27:23.5011865Z   Passed ShieldPrompt.Tests.Unit.ViewModels.MainWindowViewModelCounterTests.TotalTokens_WhenFileSelected_ShouldShowEstimate [704 ms]
Run All Tests	Test	2026-01-15T03:27:23.5013105Z   Passed ShieldPrompt.Tests.Unit.ViewModels.MainWindowViewModelCounterTests.SelectedFileCount_Initially_ShouldBeZero [< 1 ms]
Run All Tests	Test	2026-01-15T03:27:23.5014559Z   Passed ShieldPrompt.Tests.Unit.ViewModels.MainWindowViewModelCounterTests.SelectedFileCount_WhenSingleFileSelected_ShouldBeOne [203 ms]
Run All Tests	Test	2026-01-15T03:27:23.5015736Z   Passed ShieldPrompt.Tests.Unit.ViewModels.MainWindowViewModelCounterTests.SanitizedValueCount_Initially_ShouldBeZero [< 1 ms]
Run All Tests	Test	2026-01-15T03:27:23.5047055Z 
Run All Tests	Test	2026-01-15T03:27:23.5080235Z Test Run Failed.
Run All Tests	Test	2026-01-15T03:27:23.5080802Z Total tests: 271
Run All Tests	Test	2026-01-15T03:27:23.5081119Z      Passed: 269
Run All Tests	Test	2026-01-15T03:27:23.5081318Z      Failed: 2
Run All Tests	Test	2026-01-15T03:27:23.5081934Z  Total time: 7.1629 Seconds
Run All Tests	Test	2026-01-15T03:27:23.5156251Z      1>Project "/home/runner/work/shield-prompt/shield-prompt/ShieldPrompt.slnx" (1) is building "/home/runner/work/shield-prompt/shield-prompt/tests/ShieldPrompt.Tests.Unit/ShieldPrompt.Tests.Unit.csproj" (5) on node 1 (VSTest target(s)).
Run All Tests	Test	2026-01-15T03:27:23.5157455Z      5>_VSTestConsole:
Run All Tests	Test	2026-01-15T03:27:23.5157905Z          MSB4181: The "VSTestTask" task returned false but did not log an error.
Run All Tests	Test	2026-01-15T03:27:23.5159152Z      5>Done Building Project "/home/runner/work/shield-prompt/shield-prompt/tests/ShieldPrompt.Tests.Unit/ShieldPrompt.Tests.Unit.csproj" (VSTest target(s)) -- FAILED.
Run All Tests	Test	2026-01-15T03:27:23.5230546Z      1>Done Building Project "/home/runner/work/shield-prompt/shield-prompt/ShieldPrompt.slnx" (VSTest target(s)) -- FAILED.
Run All Tests	Test	2026-01-15T03:27:23.5355429Z 
Run All Tests	Test	2026-01-15T03:27:23.5360795Z Build FAILED.
Run All Tests	Test	2026-01-15T03:27:23.5361343Z     0 Warning(s)
Run All Tests	Test	2026-01-15T03:27:23.5361743Z     0 Error(s)
Run All Tests	Test	2026-01-15T03:27:23.5362054Z 
Run All Tests	Test	2026-01-15T03:27:23.5362384Z Time Elapsed 00:00:08.11
Run All Tests	Test	2026-01-15T03:27:23.5537853Z ##[error]Process completed with exit code 1.
